[    40.527] (WW) Failed to open protocol names file lib/xorg/protocol.txt
[    40.528] 
X.Org X Server 1.20.13
X Protocol Version 11, Revision 0
[    40.528] Build Operating System: Linux Archlinux
[    40.528] Current Operating System: Linux ThinkArch 5.14.11-arch1-1 #1 SMP PREEMPT Sun, 10 Oct 2021 00:48:26 +0000 x86_64
[    40.528] Kernel command line: initrd=\intel-ucode.img initrd=\initramfs-linux.img cryptdevice=PARTUUID=eb897861-21fc-4b38-8bf1-2f024d47e78b:luksdev root=/dev/mapper/luksdev rw intel_pstate=no_hwp
[    40.528] Build Date: 04 August 2021  08:13:54AM
[    40.528]  
[    40.528] Current version of pixman: 0.40.0
[    40.528] 	Before reporting problems, check http://wiki.x.org
	to make sure that you have the latest version.
[    40.528] Markers: (--) probed, (**) from config file, (==) default setting,
	(++) from command line, (!!) notice, (II) informational,
	(WW) warning, (EE) error, (NI) not implemented, (??) unknown.
[    40.529] (==) Log file: "/home/nigel/.local/share/xorg/Xorg.0.log", Time: Thu Oct 14 11:13:04 2021
[    40.529] (==) Using config directory: "/etc/X11/xorg.conf.d"
[    40.529] (==) Using system config directory "/usr/share/X11/xorg.conf.d"
[    40.529] (==) No Layout section.  Using the first Screen section.
[    40.529] (==) No screen section available. Using defaults.
[    40.529] (**) |-->Screen "Default Screen Section" (0)
[    40.529] (**) |   |-->Monitor "<default monitor>"
[    40.529] (==) No monitor specified for screen "Default Screen Section".
	Using a default monitor configuration.
[    40.529] (==) Automatically adding devices
[    40.529] (==) Automatically enabling devices
[    40.529] (==) Automatically adding GPU devices
[    40.529] (==) Automatically binding GPU devices
[    40.529] (==) Max clients allowed: 256, resource mask: 0x1fffff
[    40.529] (WW) The directory "/usr/share/fonts/misc" does not exist.
[    40.529] 	Entry deleted from font path.
[    40.529] (WW) The directory "/usr/share/fonts/OTF" does not exist.
[    40.529] 	Entry deleted from font path.
[    40.529] (WW) The directory "/usr/share/fonts/Type1" does not exist.
[    40.529] 	Entry deleted from font path.
[    40.529] (==) FontPath set to:
	/usr/share/fonts/TTF,
	/usr/share/fonts/100dpi,
	/usr/share/fonts/75dpi
[    40.529] (==) ModulePath set to "/usr/lib/xorg/modules"
[    40.529] (II) The server relies on udev to provide the list of input devices.
	If no devices become available, reconfigure udev or disable AutoAddDevices.
[    40.529] (II) Module ABI versions:
[    40.529] 	X.Org ANSI C Emulation: 0.4
[    40.529] 	X.Org Video Driver: 24.1
[    40.529] 	X.Org XInput driver : 24.1
[    40.529] 	X.Org Server Extension : 10.0
[    40.530] (++) using VT number 1

[    40.533] (II) systemd-logind: took control of session /org/freedesktop/login1/session/_34
[    40.534] (II) xfree86: Adding drm device (/dev/dri/card0)
[    40.535] (II) systemd-logind: got fd for /dev/dri/card0 226:0 fd 10 paused 0
[    40.537] (--) PCI:*(0@0:2:0) 8086:0166:17aa:21fb rev 9, Mem @ 0xd0000000/4194304, 0xc0000000/268435456, I/O @ 0x00006000/64, BIOS @ 0x????????/131072
[    40.537] (WW) Open ACPI failed (/var/run/acpid.socket) (No such file or directory)
[    40.537] (II) LoadModule: "glx"
[    40.537] (II) Loading /usr/lib/xorg/modules/extensions/libglx.so
[    40.539] (II) Module glx: vendor="X.Org Foundation"
[    40.539] 	compiled for 1.20.13, module version = 1.0.0
[    40.539] 	ABI class: X.Org Server Extension, version 10.0
[    40.539] (==) Matched intel as autoconfigured driver 0
[    40.539] (==) Matched modesetting as autoconfigured driver 1
[    40.539] (==) Matched fbdev as autoconfigured driver 2
[    40.539] (==) Matched vesa as autoconfigured driver 3
[    40.539] (==) Assigned the driver to the xf86ConfigLayout
[    40.539] (II) LoadModule: "intel"
[    40.539] (WW) Warning, couldn't open module intel
[    40.539] (EE) Failed to load module "intel" (module does not exist, 0)
[    40.539] (II) LoadModule: "modesetting"
[    40.539] (II) Loading /usr/lib/xorg/modules/drivers/modesetting_drv.so
[    40.539] (II) Module modesetting: vendor="X.Org Foundation"
[    40.539] 	compiled for 1.20.13, module version = 1.20.13
[    40.539] 	Module class: X.Org Video Driver
[    40.539] 	ABI class: X.Org Video Driver, version 24.1
[    40.539] (II) LoadModule: "fbdev"
[    40.540] (WW) Warning, couldn't open module fbdev
[    40.540] (EE) Failed to load module "fbdev" (module does not exist, 0)
[    40.540] (II) LoadModule: "vesa"
[    40.540] (II) Loading /usr/lib/xorg/modules/drivers/vesa_drv.so
[    40.540] (II) Module vesa: vendor="X.Org Foundation"
[    40.540] 	compiled for 1.20.9, module version = 2.5.0
[    40.540] 	Module class: X.Org Video Driver
[    40.540] 	ABI class: X.Org Video Driver, version 24.1
[    40.540] (II) modesetting: Driver for Modesetting Kernel Drivers: kms
[    40.540] (II) VESA: driver for VESA chipsets: vesa
[    40.540] xf86EnableIOPorts: failed to set IOPL for I/O (Operation not permitted)
[    40.540] (II) modeset(0): using drv /dev/dri/card0
[    40.540] (WW) VGA arbiter: cannot open kernel arbiter, no multi-card support
[    40.540] (II) modeset(0): Creating default Display subsection in Screen section
	"Default Screen Section" for depth/fbbpp 24/32
[    40.540] (==) modeset(0): Depth 24, (==) framebuffer bpp 32
[    40.540] (==) modeset(0): RGB weight 888
[    40.540] (==) modeset(0): Default visual is TrueColor
[    40.540] (II) Loading sub module "glamoregl"
[    40.540] (II) LoadModule: "glamoregl"
[    40.540] (II) Loading /usr/lib/xorg/modules/libglamoregl.so
[    40.543] (II) Module glamoregl: vendor="X.Org Foundation"
[    40.543] 	compiled for 1.20.13, module version = 1.0.1
[    40.543] 	ABI class: X.Org ANSI C Emulation, version 0.4
[    40.555] (II) modeset(0): glamor X acceleration enabled on Mesa DRI Intel(R) HD Graphics 4000 (IVB GT2)
[    40.555] (II) modeset(0): glamor initialized
[    40.555] (II) modeset(0): Output LVDS-1 has no monitor section
[    40.556] (II) modeset(0): Output VGA-1 has no monitor section
[    40.736] (II) modeset(0): Output HDMI-1 has no monitor section
[    40.736] (II) modeset(0): Output DP-1 has no monitor section
[    40.737] (II) modeset(0): Output HDMI-2 has no monitor section
[    40.739] (II) modeset(0): Output HDMI-3 has no monitor section
[    40.739] (II) modeset(0): Output DP-2 has no monitor section
[    40.739] (II) modeset(0): Output DP-3 has no monitor section
[    40.739] (II) modeset(0): EDID for output LVDS-1
[    40.739] (II) modeset(0): Manufacturer: SEC  Model: 324c  Serial#: 0
[    40.739] (II) modeset(0): Year: 2010  Week: 0
[    40.739] (II) modeset(0): EDID Version: 1.3
[    40.739] (II) modeset(0): Digital Display Input
[    40.739] (II) modeset(0): Max Image Size [cm]: horiz.: 31  vert.: 17
[    40.739] (II) modeset(0): Gamma: 2.20
[    40.739] (II) modeset(0): DPMS capabilities: StandBy Suspend Off
[    40.739] (II) modeset(0): Supported color encodings: RGB 4:4:4 YCrCb 4:4:4 
[    40.739] (II) modeset(0): First detailed timing is preferred mode
[    40.739] (II) modeset(0): redX: 0.566 redY: 0.337   greenX: 0.351 greenY: 0.560
[    40.739] (II) modeset(0): blueX: 0.150 blueY: 0.094   whiteX: 0.313 whiteY: 0.329
[    40.739] (II) modeset(0): Manufacturer's mask: 0
[    40.739] (II) modeset(0): Supported detailed timing:
[    40.739] (II) modeset(0): clock: 98.2 MHz   Image Size:  310 x 174 mm
[    40.739] (II) modeset(0): h_active: 1600  h_sync: 1648  h_sync_end 1680 h_blank_end 1760 h_border: 0
[    40.739] (II) modeset(0): v_active: 900  v_sync: 902  v_sync_end 907 v_blanking: 930 v_border: 0
[    40.739] (II) modeset(0): Unknown vendor-specific block f
[    40.739] (II) modeset(0):  SAMSUNG
[    40.739] (II) modeset(0):  LTN140KT03401
[    40.739] (II) modeset(0): EDID (in hex):
[    40.739] (II) modeset(0): 	00ffffffffffff004ca34c3200000000
[    40.739] (II) modeset(0): 	00140103801f1178ea1d859156598f26
[    40.739] (II) modeset(0): 	18505400000001010101010101010101
[    40.739] (II) modeset(0): 	0101010101015d2640a060841e303020
[    40.739] (II) modeset(0): 	250036ae100000190000000f00000000
[    40.739] (II) modeset(0): 	000000000032c8043200000000fe0053
[    40.739] (II) modeset(0): 	414d53554e470a204ca34b54000000fe
[    40.739] (II) modeset(0): 	004c544e3134304b54303334303100ca
[    40.739] (II) modeset(0): Printing probed modes for output LVDS-1
[    40.739] (II) modeset(0): Modeline "1600x900"x60.0   98.21  1600 1648 1680 1760  900 902 907 930 -hsync -vsync (55.8 kHz eP)
[    40.739] (II) modeset(0): Modeline "1600x900"x120.0  246.00  1600 1728 1900 2200  900 901 904 932 doublescan -hsync +vsync (111.8 kHz d)
[    40.739] (II) modeset(0): Modeline "1600x900"x119.9  186.50  1600 1624 1640 1680  900 901 904 926 doublescan +hsync -vsync (111.0 kHz d)
[    40.739] (II) modeset(0): Modeline "1600x900"x59.9  118.25  1600 1696 1856 2112  900 903 908 934 -hsync +vsync (56.0 kHz d)
[    40.739] (II) modeset(0): Modeline "1600x900"x59.8   97.50  1600 1648 1680 1760  900 903 908 926 +hsync -vsync (55.4 kHz d)
[    40.739] (II) modeset(0): Modeline "1400x900"x60.0  103.50  1400 1480 1624 1848  900 903 913 934 -hsync +vsync (56.0 kHz d)
[    40.739] (II) modeset(0): Modeline "1400x900"x59.9   86.50  1400 1448 1480 1560  900 903 913 926 +hsync -vsync (55.4 kHz d)
[    40.739] (II) modeset(0): Modeline "1440x810"x120.0  198.12  1440 1548 1704 1968  810 811 814 839 doublescan -hsync +vsync (100.7 kHz d)
[    40.739] (II) modeset(0): Modeline "1440x810"x119.9  151.88  1440 1464 1480 1520  810 811 814 833 doublescan +hsync -vsync (99.9 kHz d)
[    40.739] (II) modeset(0): Modeline "1368x768"x59.9   85.25  1368 1440 1576 1784  768 771 781 798 -hsync +vsync (47.8 kHz d)
[    40.739] (II) modeset(0): Modeline "1368x768"x59.9   72.25  1368 1416 1448 1528  768 771 781 790 +hsync -vsync (47.3 kHz d)
[    40.739] (II) modeset(0): Modeline "1280x800"x120.0  174.25  1280 1380 1516 1752  800 801 804 829 doublescan -hsync +vsync (99.5 kHz d)
[    40.739] (II) modeset(0): Modeline "1280x800"x119.9  134.25  1280 1304 1320 1360  800 801 804 823 doublescan +hsync -vsync (98.7 kHz d)
[    40.739] (II) modeset(0): Modeline "1280x800"x59.8   83.50  1280 1352 1480 1680  800 803 809 831 -hsync +vsync (49.7 kHz d)
[    40.739] (II) modeset(0): Modeline "1280x800"x59.9   71.00  1280 1328 1360 1440  800 803 809 823 +hsync -vsync (49.3 kHz d)
[    40.740] (II) modeset(0): Modeline "1280x720"x120.0  156.12  1280 1376 1512 1744  720 721 724 746 doublescan -hsync +vsync (89.5 kHz d)
[    40.740] (II) modeset(0): Modeline "1280x720"x120.0  120.75  1280 1304 1320 1360  720 721 724 740 doublescan +hsync -vsync (88.8 kHz d)
[    40.740] (II) modeset(0): Modeline "1280x720"x59.9   74.50  1280 1344 1472 1664  720 723 728 748 -hsync +vsync (44.8 kHz d)
[    40.740] (II) modeset(0): Modeline "1280x720"x59.7   63.75  1280 1328 1360 1440  720 723 728 741 +hsync -vsync (44.3 kHz d)
[    40.740] (II) modeset(0): Modeline "1024x768"x120.1  133.47  1024 1100 1212 1400  768 768 770 794 doublescan -hsync +vsync (95.3 kHz d)
[    40.740] (II) modeset(0): Modeline "1024x768"x60.0   65.00  1024 1048 1184 1344  768 771 777 806 -hsync -vsync (48.4 kHz d)
[    40.740] (II) modeset(0): Modeline "960x720"x120.0  117.00  960 1024 1128 1300  720 720 722 750 doublescan -hsync +vsync (90.0 kHz d)
[    40.740] (II) modeset(0): Modeline "928x696"x120.1  109.15  928 976 1088 1264  696 696 698 719 doublescan -hsync +vsync (86.4 kHz d)
[    40.740] (II) modeset(0): Modeline "896x672"x120.0  102.40  896 960 1060 1224  672 672 674 697 doublescan -hsync +vsync (83.7 kHz d)
[    40.740] (II) modeset(0): Modeline "1024x576"x119.9   98.50  1024 1092 1200 1376  576 577 580 597 doublescan -hsync +vsync (71.6 kHz d)
[    40.740] (II) modeset(0): Modeline "1024x576"x119.9   78.38  1024 1048 1064 1104  576 577 580 592 doublescan +hsync -vsync (71.0 kHz d)
[    40.740] (II) modeset(0): Modeline "1024x576"x59.9   46.50  1024 1064 1160 1296  576 579 584 599 -hsync +vsync (35.9 kHz d)
[    40.740] (II) modeset(0): Modeline "1024x576"x59.8   42.00  1024 1072 1104 1184  576 579 584 593 +hsync -vsync (35.5 kHz d)
[    40.740] (II) modeset(0): Modeline "960x600"x119.9   96.62  960 1028 1128 1296  600 601 604 622 doublescan -hsync +vsync (74.6 kHz d)
[    40.740] (II) modeset(0): Modeline "960x600"x120.0   77.00  960 984 1000 1040  600 601 604 617 doublescan +hsync -vsync (74.0 kHz d)
[    40.740] (II) modeset(0): Modeline "960x540"x119.9   86.50  960 1024 1124 1288  540 541 544 560 doublescan -hsync +vsync (67.2 kHz d)
[    40.740] (II) modeset(0): Modeline "960x540"x120.0   69.25  960 984 1000 1040  540 541 544 555 doublescan +hsync -vsync (66.6 kHz d)
[    40.740] (II) modeset(0): Modeline "960x540"x59.6   40.75  960 992 1088 1216  540 543 548 562 -hsync +vsync (33.5 kHz d)
[    40.740] (II) modeset(0): Modeline "960x540"x59.8   37.25  960 1008 1040 1120  540 543 548 556 +hsync -vsync (33.3 kHz d)
[    40.740] (II) modeset(0): Modeline "800x600"x120.0   81.00  800 832 928 1080  600 600 602 625 doublescan +hsync +vsync (75.0 kHz d)
[    40.740] (II) modeset(0): Modeline "800x600"x60.3   40.00  800 840 968 1056  600 601 605 628 +hsync +vsync (37.9 kHz d)
[    40.740] (II) modeset(0): Modeline "800x600"x56.2   36.00  800 824 896 1024  600 601 603 625 +hsync +vsync (35.2 kHz d)
[    40.740] (II) modeset(0): Modeline "840x525"x120.0   73.12  840 892 980 1120  525 526 529 544 doublescan -hsync +vsync (65.3 kHz d)
[    40.740] (II) modeset(0): Modeline "840x525"x119.8   59.50  840 864 880 920  525 526 529 540 doublescan +hsync -vsync (64.7 kHz d)
[    40.740] (II) modeset(0): Modeline "864x486"x59.9   32.50  864 888 968 1072  486 489 494 506 -hsync +vsync (30.3 kHz d)
[    40.740] (II) modeset(0): Modeline "864x486"x59.6   30.50  864 912 944 1024  486 489 494 500 +hsync -vsync (29.8 kHz d)
[    40.740] (II) modeset(0): Modeline "700x525"x120.0   61.00  700 744 820 940  525 526 532 541 doublescan +hsync +vsync (64.9 kHz d)
[    40.740] (II) modeset(0): Modeline "800x450"x119.9   59.12  800 848 928 1056  450 451 454 467 doublescan -hsync +vsync (56.0 kHz d)
[    40.740] (II) modeset(0): Modeline "800x450"x119.6   48.75  800 824 840 880  450 451 454 463 doublescan +hsync -vsync (55.4 kHz d)
[    40.740] (II) modeset(0): Modeline "640x512"x120.0   54.00  640 664 720 844  512 512 514 533 doublescan +hsync +vsync (64.0 kHz d)
[    40.740] (II) modeset(0): Modeline "700x450"x119.9   51.75  700 740 812 924  450 451 456 467 doublescan -hsync +vsync (56.0 kHz d)
[    40.740] (II) modeset(0): Modeline "700x450"x119.8   43.25  700 724 740 780  450 451 456 463 doublescan +hsync -vsync (55.4 kHz d)
[    40.740] (II) modeset(0): Modeline "640x480"x120.0   54.00  640 688 744 900  480 480 482 500 doublescan +hsync +vsync (60.0 kHz d)
[    40.740] (II) modeset(0): Modeline "640x480"x59.9   25.18  640 656 752 800  480 490 492 525 -hsync -vsync (31.5 kHz d)
[    40.740] (II) modeset(0): Modeline "720x405"x59.5   22.50  720 744 808 896  405 408 413 422 -hsync +vsync (25.1 kHz d)
[    40.740] (II) modeset(0): Modeline "720x405"x59.0   21.75  720 768 800 880  405 408 413 419 +hsync -vsync (24.7 kHz d)
[    40.740] (II) modeset(0): Modeline "684x384"x119.8   42.62  684 720 788 892  384 385 390 399 doublescan -hsync +vsync (47.8 kHz d)
[    40.740] (II) modeset(0): Modeline "684x384"x119.7   36.12  684 708 724 764  384 385 390 395 doublescan +hsync -vsync (47.3 kHz d)
[    40.740] (II) modeset(0): Modeline "640x400"x119.8   41.75  640 676 740 840  400 401 404 415 doublescan -hsync +vsync (49.7 kHz d)
[    40.740] (II) modeset(0): Modeline "640x400"x120.0   35.50  640 664 680 720  400 401 404 411 doublescan +hsync -vsync (49.3 kHz d)
[    40.740] (II) modeset(0): Modeline "640x360"x119.7   37.25  640 672 736 832  360 361 364 374 doublescan -hsync +vsync (44.8 kHz d)
[    40.740] (II) modeset(0): Modeline "640x360"x119.7   31.88  640 664 680 720  360 361 364 370 doublescan +hsync -vsync (44.3 kHz d)
[    40.740] (II) modeset(0): Modeline "640x360"x59.8   18.00  640 664 720 800  360 363 368 376 -hsync +vsync (22.5 kHz d)
[    40.740] (II) modeset(0): Modeline "640x360"x59.3   17.75  640 688 720 800  360 363 368 374 +hsync -vsync (22.2 kHz d)
[    40.740] (II) modeset(0): Modeline "512x384"x120.0   32.50  512 524 592 672  384 385 388 403 doublescan -hsync -vsync (48.4 kHz d)
[    40.740] (II) modeset(0): Modeline "512x288"x120.0   23.25  512 532 580 648  288 289 292 299 doublescan -hsync +vsync (35.9 kHz d)
[    40.740] (II) modeset(0): Modeline "512x288"x119.8   21.00  512 536 552 592  288 289 292 296 doublescan +hsync -vsync (35.5 kHz d)
[    40.740] (II) modeset(0): Modeline "480x270"x119.3   20.38  480 496 544 608  270 271 274 281 doublescan -hsync +vsync (33.5 kHz d)
[    40.740] (II) modeset(0): Modeline "480x270"x119.6   18.62  480 504 520 560  270 271 274 278 doublescan +hsync -vsync (33.3 kHz d)
[    40.740] (II) modeset(0): Modeline "400x300"x120.6   20.00  400 420 484 528  300 300 302 314 doublescan +hsync +vsync (37.9 kHz d)
[    40.740] (II) modeset(0): Modeline "400x300"x112.7   18.00  400 412 448 512  300 300 301 312 doublescan +hsync +vsync (35.2 kHz d)
[    40.740] (II) modeset(0): Modeline "432x243"x119.8   16.25  432 444 484 536  243 244 247 253 doublescan -hsync +vsync (30.3 kHz d)
[    40.740] (II) modeset(0): Modeline "432x243"x119.1   15.25  432 456 472 512  243 244 247 250 doublescan +hsync -vsync (29.8 kHz d)
[    40.740] (II) modeset(0): Modeline "320x240"x120.1   12.59  320 328 376 400  240 245 246 262 doublescan -hsync -vsync (31.5 kHz d)
[    40.740] (II) modeset(0): Modeline "360x202"x119.0   11.25  360 372 404 448  202 204 206 211 doublescan -hsync +vsync (25.1 kHz d)
[    40.740] (II) modeset(0): Modeline "360x202"x118.3   10.88  360 384 400 440  202 204 206 209 doublescan +hsync -vsync (24.7 kHz d)
[    40.740] (II) modeset(0): Modeline "320x180"x119.7    9.00  320 332 360 400  180 181 184 188 doublescan -hsync +vsync (22.5 kHz d)
[    40.740] (II) modeset(0): Modeline "320x180"x118.6    8.88  320 344 360 400  180 181 184 187 doublescan +hsync -vsync (22.2 kHz d)
[    40.741] (II) modeset(0): EDID for output VGA-1
[    40.922] (II) modeset(0): EDID for output HDMI-1
[    40.922] (II) modeset(0): EDID for output DP-1
[    40.924] (II) modeset(0): EDID for output HDMI-2
[    40.925] (II) modeset(0): EDID for output HDMI-3
[    40.925] (II) modeset(0): EDID for output DP-2
[    40.925] (II) modeset(0): EDID for output DP-3
[    40.925] (II) modeset(0): Output LVDS-1 connected
[    40.925] (II) modeset(0): Output VGA-1 disconnected
[    40.925] (II) modeset(0): Output HDMI-1 disconnected
[    40.925] (II) modeset(0): Output DP-1 disconnected
[    40.925] (II) modeset(0): Output HDMI-2 disconnected
[    40.925] (II) modeset(0): Output HDMI-3 disconnected
[    40.925] (II) modeset(0): Output DP-2 disconnected
[    40.925] (II) modeset(0): Output DP-3 disconnected
[    40.925] (II) modeset(0): Using exact sizes for initial modes
[    40.925] (II) modeset(0): Output LVDS-1 using initial mode 1600x900 +0+0
[    40.925] (==) modeset(0): Using gamma correction (1.0, 1.0, 1.0)
[    40.925] (==) modeset(0): DPI set to (96, 96)
[    40.925] (II) Loading sub module "fb"
[    40.925] (II) LoadModule: "fb"
[    40.926] (II) Loading /usr/lib/xorg/modules/libfb.so
[    40.926] (II) Module fb: vendor="X.Org Foundation"
[    40.926] 	compiled for 1.20.13, module version = 1.0.0
[    40.926] 	ABI class: X.Org ANSI C Emulation, version 0.4
[    40.926] (II) UnloadModule: "vesa"
[    40.926] (II) Unloading vesa
[    40.944] (==) modeset(0): Backing store enabled
[    40.944] (==) modeset(0): Silken mouse disabled
[    40.973] (II) modeset(0): Initializing kms color map for depth 24, 8 bpc.
[    40.973] (==) modeset(0): DPMS enabled
[    40.973] (II) modeset(0): [DRI2] Setup complete
[    40.973] (II) modeset(0): [DRI2]   DRI driver: i965
[    40.973] (II) modeset(0): [DRI2]   VDPAU driver: va_gl
[    40.973] (II) Initializing extension Generic Event Extension
[    40.973] (II) Initializing extension SHAPE
[    40.973] (II) Initializing extension MIT-SHM
[    40.973] (II) Initializing extension XInputExtension
[    40.973] (II) Initializing extension XTEST
[    40.973] (II) Initializing extension BIG-REQUESTS
[    40.973] (II) Initializing extension SYNC
[    40.973] (II) Initializing extension XKEYBOARD
[    40.973] (II) Initializing extension XC-MISC
[    40.973] (II) Initializing extension SECURITY
[    40.973] (II) Initializing extension XFIXES
[    40.973] (II) Initializing extension RENDER
[    40.973] (II) Initializing extension RANDR
[    40.973] (II) Initializing extension COMPOSITE
[    40.973] (II) Initializing extension DAMAGE
[    40.973] (II) Initializing extension MIT-SCREEN-SAVER
[    40.973] (II) Initializing extension DOUBLE-BUFFER
[    40.973] (II) Initializing extension RECORD
[    40.973] (II) Initializing extension DPMS
[    40.973] (II) Initializing extension Present
[    40.973] (II) Initializing extension DRI3
[    40.973] (II) Initializing extension X-Resource
[    40.973] (II) Initializing extension XVideo
[    40.973] (II) Initializing extension XVideo-MotionCompensation
[    40.973] (II) Initializing extension GLX
[    40.976] (II) AIGLX: Loaded and initialized i965
[    40.976] (II) GLX: Initialized DRI2 GL provider for screen 0
[    40.977] (II) Initializing extension XFree86-VidModeExtension
[    40.977] (II) Initializing extension XFree86-DGA
[    40.977] (II) Initializing extension XFree86-DRI
[    40.977] (II) Initializing extension DRI2
[    40.977] (II) modeset(0): Damage tracking initialized
[    40.977] (II) modeset(0): Setting screen physical size to 423 x 238
[    41.054] (II) config/udev: Adding input device Power Button (/dev/input/event2)
[    41.054] (**) Power Button: Applying InputClass "libinput keyboard catchall"
[    41.054] (**) Power Button: Applying InputClass "system-keyboard"
[    41.054] (II) LoadModule: "libinput"
[    41.054] (II) Loading /usr/lib/xorg/modules/input/libinput_drv.so
[    41.055] (II) Module libinput: vendor="X.Org Foundation"
[    41.055] 	compiled for 1.20.13, module version = 1.2.0
[    41.055] 	Module class: X.Org XInput Driver
[    41.055] 	ABI class: X.Org XInput driver, version 24.1
[    41.055] (II) Using input driver 'libinput' for 'Power Button'
[    41.057] (II) systemd-logind: got fd for /dev/input/event2 13:66 fd 15 paused 0
[    41.057] (**) Power Button: always reports core events
[    41.057] (**) Option "Device" "/dev/input/event2"
[    41.057] (**) Option "_source" "server/udev"
[    41.059] (II) event2  - Power Button: is tagged by udev as: Keyboard
[    41.059] (II) event2  - Power Button: device is a keyboard
[    41.059] (II) event2  - Power Button: device removed
[    41.059] (**) Option "config_info" "udev:/sys/devices/LNXSYSTM:00/LNXPWRBN:00/input/input2/event2"
[    41.059] (II) XINPUT: Adding extended input device "Power Button" (type: KEYBOARD, id 6)
[    41.059] (**) Option "xkb_model" "pc105+inet"
[    41.059] (**) Option "xkb_layout" "us"
[    41.059] (**) Option "xkb_options" "terminate:ctrl_alt_bksp"
[    41.087] (II) event2  - Power Button: is tagged by udev as: Keyboard
[    41.087] (II) event2  - Power Button: device is a keyboard
[    41.087] (II) config/udev: Adding input device Video Bus (/dev/input/event7)
[    41.087] (**) Video Bus: Applying InputClass "libinput keyboard catchall"
[    41.087] (**) Video Bus: Applying InputClass "system-keyboard"
[    41.088] (II) Using input driver 'libinput' for 'Video Bus'
[    41.088] (II) systemd-logind: got fd for /dev/input/event7 13:71 fd 18 paused 0
[    41.088] (**) Video Bus: always reports core events
[    41.088] (**) Option "Device" "/dev/input/event7"
[    41.088] (**) Option "_source" "server/udev"
[    41.089] (II) event7  - Video Bus: is tagged by udev as: Keyboard
[    41.090] (II) event7  - Video Bus: device is a keyboard
[    41.090] (II) event7  - Video Bus: device removed
[    41.090] (**) Option "config_info" "udev:/sys/devices/LNXSYSTM:00/LNXSYBUS:00/PNP0A08:00/LNXVIDEO:00/input/input19/event7"
[    41.090] (II) XINPUT: Adding extended input device "Video Bus" (type: KEYBOARD, id 7)
[    41.090] (**) Option "xkb_model" "pc105+inet"
[    41.090] (**) Option "xkb_layout" "us"
[    41.090] (**) Option "xkb_options" "terminate:ctrl_alt_bksp"
[    41.091] (II) event7  - Video Bus: is tagged by udev as: Keyboard
[    41.091] (II) event7  - Video Bus: device is a keyboard
[    41.092] (II) config/udev: Adding input device Lid Switch (/dev/input/event0)
[    41.092] (II) No input driver specified, ignoring this device.
[    41.092] (II) This device may have been added with another device file.
[    41.092] (II) config/udev: Adding input device Sleep Button (/dev/input/event1)
[    41.092] (**) Sleep Button: Applying InputClass "libinput keyboard catchall"
[    41.092] (**) Sleep Button: Applying InputClass "system-keyboard"
[    41.092] (II) Using input driver 'libinput' for 'Sleep Button'
[    41.093] (II) systemd-logind: got fd for /dev/input/event1 13:65 fd 19 paused 0
[    41.093] (**) Sleep Button: always reports core events
[    41.093] (**) Option "Device" "/dev/input/event1"
[    41.093] (**) Option "_source" "server/udev"
[    41.094] (II) event1  - Sleep Button: is tagged by udev as: Keyboard
[    41.094] (II) event1  - Sleep Button: device is a keyboard
[    41.094] (II) event1  - Sleep Button: device removed
[    41.094] (**) Option "config_info" "udev:/sys/devices/LNXSYSTM:00/LNXSYBUS:00/PNP0C0E:00/input/input1/event1"
[    41.094] (II) XINPUT: Adding extended input device "Sleep Button" (type: KEYBOARD, id 8)
[    41.094] (**) Option "xkb_model" "pc105+inet"
[    41.094] (**) Option "xkb_layout" "us"
[    41.094] (**) Option "xkb_options" "terminate:ctrl_alt_bksp"
[    41.094] (II) event1  - Sleep Button: is tagged by udev as: Keyboard
[    41.095] (II) event1  - Sleep Button: device is a keyboard
[    41.096] (II) config/udev: Adding input device Logitech G305 (/dev/input/event4)
[    41.096] (**) Logitech G305: Applying InputClass "libinput pointer catchall"
[    41.096] (**) Logitech G305: Applying InputClass "libinput keyboard catchall"
[    41.096] (**) Logitech G305: Applying InputClass "system-keyboard"
[    41.096] (II) Using input driver 'libinput' for 'Logitech G305'
[    41.096] (II) systemd-logind: got fd for /dev/input/event4 13:68 fd 20 paused 0
[    41.096] (**) Logitech G305: always reports core events
[    41.096] (**) Option "Device" "/dev/input/event4"
[    41.096] (**) Option "_source" "server/udev"
[    41.098] (II) event4  - Logitech G305: is tagged by udev as: Keyboard Mouse
[    41.099] (II) event4  - Logitech G305: device is a pointer
[    41.099] (II) event4  - Logitech G305: device is a keyboard
[    41.099] (II) event4  - Logitech G305: device removed
[    41.099] (II) libinput: Logitech G305: needs a virtual subdevice
[    41.099] (**) Option "config_info" "udev:/sys/devices/pci0000:00/0000:00:14.0/usb3/3-2/3-2:1.2/0003:046D:C53F.0003/0003:046D:4074.0004/input/input15/event4"
[    41.099] (II) XINPUT: Adding extended input device "Logitech G305" (type: MOUSE, id 9)
[    41.099] (**) Option "AccelerationScheme" "none"
[    41.099] (**) Logitech G305: (accel) selected scheme none/0
[    41.099] (**) Logitech G305: (accel) acceleration factor: 2.000
[    41.099] (**) Logitech G305: (accel) acceleration threshold: 4
[    41.101] (II) event4  - Logitech G305: is tagged by udev as: Keyboard Mouse
[    41.102] (II) event4  - Logitech G305: device is a pointer
[    41.102] (II) event4  - Logitech G305: device is a keyboard
[    41.102] (II) config/udev: Adding input device Logitech G305 (/dev/input/mouse0)
[    41.102] (**) Logitech G305: Applying InputClass "system-keyboard"
[    41.102] (II) No input driver specified, ignoring this device.
[    41.102] (II) This device may have been added with another device file.
[    41.103] (II) config/udev: Adding input device Integrated Camera: Integrated C (/dev/input/event17)
[    41.103] (**) Integrated Camera: Integrated C: Applying InputClass "libinput keyboard catchall"
[    41.103] (**) Integrated Camera: Integrated C: Applying InputClass "system-keyboard"
[    41.103] (II) Using input driver 'libinput' for 'Integrated Camera: Integrated C'
[    41.104] (II) systemd-logind: got fd for /dev/input/event17 13:81 fd 21 paused 0
[    41.104] (**) Integrated Camera: Integrated C: always reports core events
[    41.104] (**) Option "Device" "/dev/input/event17"
[    41.104] (**) Option "_source" "server/udev"
[    41.105] (II) event17 - Integrated Camera: Integrated C: is tagged by udev as: Keyboard
[    41.106] (II) event17 - Integrated Camera: Integrated C: device is a keyboard
[    41.106] (II) event17 - Integrated Camera: Integrated C: device removed
[    41.106] (**) Option "config_info" "udev:/sys/devices/pci0000:00/0000:00:1a.0/usb1/1-1/1-1.6/1-1.6:1.0/input/input28/event17"
[    41.106] (II) XINPUT: Adding extended input device "Integrated Camera: Integrated C" (type: KEYBOARD, id 10)
[    41.106] (**) Option "xkb_model" "pc105+inet"
[    41.106] (**) Option "xkb_layout" "us"
[    41.106] (**) Option "xkb_options" "terminate:ctrl_alt_bksp"
[    41.107] (II) event17 - Integrated Camera: Integrated C: is tagged by udev as: Keyboard
[    41.108] (II) event17 - Integrated Camera: Integrated C: device is a keyboard
[    41.108] (II) config/udev: Adding input device HDA Intel PCH Mic (/dev/input/event9)
[    41.108] (II) No input driver specified, ignoring this device.
[    41.108] (II) This device may have been added with another device file.
[    41.109] (II) config/udev: Adding input device HDA Intel PCH Dock Mic (/dev/input/event10)
[    41.109] (II) No input driver specified, ignoring this device.
[    41.109] (II) This device may have been added with another device file.
[    41.109] (II) config/udev: Adding input device HDA Intel PCH Headphone (/dev/input/event11)
[    41.109] (II) No input driver specified, ignoring this device.
[    41.109] (II) This device may have been added with another device file.
[    41.110] (II) config/udev: Adding input device HDA Intel PCH Dock Headphone (/dev/input/event12)
[    41.110] (II) No input driver specified, ignoring this device.
[    41.110] (II) This device may have been added with another device file.
[    41.110] (II) config/udev: Adding input device HDA Intel PCH HDMI/DP,pcm=3 (/dev/input/event13)
[    41.110] (II) No input driver specified, ignoring this device.
[    41.110] (II) This device may have been added with another device file.
[    41.111] (II) config/udev: Adding input device HDA Intel PCH HDMI/DP,pcm=7 (/dev/input/event14)
[    41.111] (II) No input driver specified, ignoring this device.
[    41.111] (II) This device may have been added with another device file.
[    41.111] (II) config/udev: Adding input device HDA Intel PCH HDMI/DP,pcm=8 (/dev/input/event15)
[    41.111] (II) No input driver specified, ignoring this device.
[    41.111] (II) This device may have been added with another device file.
[    41.112] (II) config/udev: Adding input device AT Translated Set 2 keyboard (/dev/input/event3)
[    41.112] (**) AT Translated Set 2 keyboard: Applying InputClass "libinput keyboard catchall"
[    41.112] (**) AT Translated Set 2 keyboard: Applying InputClass "system-keyboard"
[    41.112] (II) Using input driver 'libinput' for 'AT Translated Set 2 keyboard'
[    41.113] (II) systemd-logind: got fd for /dev/input/event3 13:67 fd 22 paused 0
[    41.113] (**) AT Translated Set 2 keyboard: always reports core events
[    41.113] (**) Option "Device" "/dev/input/event3"
[    41.113] (**) Option "_source" "server/udev"
[    41.114] (II) event3  - AT Translated Set 2 keyboard: is tagged by udev as: Keyboard
[    41.114] (II) event3  - AT Translated Set 2 keyboard: device is a keyboard
[    41.115] (II) event3  - AT Translated Set 2 keyboard: device removed
[    41.115] (**) Option "config_info" "udev:/sys/devices/platform/i8042/serio0/input/input3/event3"
[    41.115] (II) XINPUT: Adding extended input device "AT Translated Set 2 keyboard" (type: KEYBOARD, id 11)
[    41.115] (**) Option "xkb_model" "pc105+inet"
[    41.115] (**) Option "xkb_layout" "us"
[    41.115] (**) Option "xkb_options" "terminate:ctrl_alt_bksp"
[    41.116] (II) event3  - AT Translated Set 2 keyboard: is tagged by udev as: Keyboard
[    41.116] (II) event3  - AT Translated Set 2 keyboard: device is a keyboard
[    41.117] (II) config/udev: Adding input device SynPS/2 Synaptics TouchPad (/dev/input/event8)
[    41.117] (**) SynPS/2 Synaptics TouchPad: Applying InputClass "libinput touchpad catchall"
[    41.117] (II) Using input driver 'libinput' for 'SynPS/2 Synaptics TouchPad'
[    41.118] (II) systemd-logind: got fd for /dev/input/event8 13:72 fd 23 paused 0
[    41.118] (**) SynPS/2 Synaptics TouchPad: always reports core events
[    41.118] (**) Option "Device" "/dev/input/event8"
[    41.118] (**) Option "_source" "server/udev"
[    41.119] (II) event8  - SynPS/2 Synaptics TouchPad: is tagged by udev as: Touchpad
[    41.121] (II) event8  - SynPS/2 Synaptics TouchPad: device is a touchpad
[    41.121] (II) event8  - SynPS/2 Synaptics TouchPad: device removed
[    41.121] (**) Option "config_info" "udev:/sys/devices/platform/i8042/serio1/input/input18/event8"
[    41.121] (II) XINPUT: Adding extended input device "SynPS/2 Synaptics TouchPad" (type: TOUCHPAD, id 12)
[    41.122] (**) Option "AccelerationScheme" "none"
[    41.122] (**) SynPS/2 Synaptics TouchPad: (accel) selected scheme none/0
[    41.122] (**) SynPS/2 Synaptics TouchPad: (accel) acceleration factor: 2.000
[    41.122] (**) SynPS/2 Synaptics TouchPad: (accel) acceleration threshold: 4
[    41.123] (II) event8  - SynPS/2 Synaptics TouchPad: is tagged by udev as: Touchpad
[    41.124] (II) event8  - SynPS/2 Synaptics TouchPad: device is a touchpad
[    41.125] (II) config/udev: Adding input device SynPS/2 Synaptics TouchPad (/dev/input/mouse1)
[    41.125] (II) No input driver specified, ignoring this device.
[    41.125] (II) This device may have been added with another device file.
[    41.125] (II) config/udev: Adding input device TPPS/2 IBM TrackPoint (/dev/input/event16)
[    41.125] (**) TPPS/2 IBM TrackPoint: Applying InputClass "libinput pointer catchall"
[    41.125] (II) Using input driver 'libinput' for 'TPPS/2 IBM TrackPoint'
[    41.126] (II) systemd-logind: got fd for /dev/input/event16 13:80 fd 24 paused 0
[    41.126] (**) TPPS/2 IBM TrackPoint: always reports core events
[    41.126] (**) Option "Device" "/dev/input/event16"
[    41.126] (**) Option "_source" "server/udev"
[    41.128] (II) event16 - TPPS/2 IBM TrackPoint: is tagged by udev as: Mouse Pointingstick
[    41.129] (II) event16 - TPPS/2 IBM TrackPoint: device is a pointer
[    41.130] (II) event16 - TPPS/2 IBM TrackPoint: device removed
[    41.130] (**) Option "config_info" "udev:/sys/devices/platform/i8042/serio1/serio2/input/input20/event16"
[    41.130] (II) XINPUT: Adding extended input device "TPPS/2 IBM TrackPoint" (type: MOUSE, id 13)
[    41.130] (**) Option "AccelerationScheme" "none"
[    41.130] (**) TPPS/2 IBM TrackPoint: (accel) selected scheme none/0
[    41.130] (**) TPPS/2 IBM TrackPoint: (accel) acceleration factor: 2.000
[    41.130] (**) TPPS/2 IBM TrackPoint: (accel) acceleration threshold: 4
[    41.131] (II) event16 - TPPS/2 IBM TrackPoint: is tagged by udev as: Mouse Pointingstick
[    41.132] (II) event16 - TPPS/2 IBM TrackPoint: device is a pointer
[    41.134] (II) config/udev: Adding input device TPPS/2 IBM TrackPoint (/dev/input/mouse2)
[    41.134] (II) No input driver specified, ignoring this device.
[    41.134] (II) This device may have been added with another device file.
[    41.134] (II) config/udev: Adding input device PC Speaker (/dev/input/event5)
[    41.134] (II) No input driver specified, ignoring this device.
[    41.134] (II) This device may have been added with another device file.
[    41.137] (II) config/udev: Adding input device ThinkPad Extra Buttons (/dev/input/event6)
[    41.137] (**) ThinkPad Extra Buttons: Applying InputClass "libinput keyboard catchall"
[    41.137] (**) ThinkPad Extra Buttons: Applying InputClass "system-keyboard"
[    41.137] (II) Using input driver 'libinput' for 'ThinkPad Extra Buttons'
[    41.138] (II) systemd-logind: got fd for /dev/input/event6 13:70 fd 25 paused 0
[    41.138] (**) ThinkPad Extra Buttons: always reports core events
[    41.138] (**) Option "Device" "/dev/input/event6"
[    41.139] (**) Option "_source" "server/udev"
[    41.139] (II) event6  - ThinkPad Extra Buttons: is tagged by udev as: Keyboard Switch
[    41.139] (II) event6  - ThinkPad Extra Buttons: device is a keyboard
[    41.140] (II) event6  - ThinkPad Extra Buttons: device removed
[    41.140] (**) Option "config_info" "udev:/sys/devices/platform/thinkpad_acpi/input/input17/event6"
[    41.140] (II) XINPUT: Adding extended input device "ThinkPad Extra Buttons" (type: KEYBOARD, id 14)
[    41.140] (**) Option "xkb_model" "pc105+inet"
[    41.140] (**) Option "xkb_layout" "us"
[    41.140] (**) Option "xkb_options" "terminate:ctrl_alt_bksp"
[    41.141] (II) event6  - ThinkPad Extra Buttons: is tagged by udev as: Keyboard Switch
[    41.141] (II) event6  - ThinkPad Extra Buttons: device is a keyboard
[    41.156] (**) Logitech G305: Applying InputClass "libinput pointer catchall"
[    41.156] (**) Logitech G305: Applying InputClass "libinput keyboard catchall"
[    41.156] (**) Logitech G305: Applying InputClass "system-keyboard"
[    41.156] (II) Using input driver 'libinput' for 'Logitech G305'
[    41.156] (II) systemd-logind: returning pre-existing fd for /dev/input/event4 13:68
[    41.156] (**) Logitech G305: always reports core events
[    41.156] (**) Option "Device" "/dev/input/event4"
[    41.156] (**) Option "_source" "_driver/libinput"
[    41.156] (II) libinput: Logitech G305: is a virtual subdevice
[    41.156] (**) Option "config_info" "udev:/sys/devices/pci0000:00/0000:00:14.0/usb3/3-2/3-2:1.2/0003:046D:C53F.0003/0003:046D:4074.0004/input/input15/event4"
[    41.156] (II) XINPUT: Adding extended input device "Logitech G305" (type: KEYBOARD, id 15)
[    41.156] (**) Option "xkb_model" "pc105+inet"
[    41.156] (**) Option "xkb_layout" "us"
[    41.156] (**) Option "xkb_options" "terminate:ctrl_alt_bksp"
[    41.623] (II) modeset(0): EDID vendor "SEC", prod id 12876
[    41.623] (II) modeset(0): Printing DDC gathered Modelines:
[    41.623] (II) modeset(0): Modeline "1600x900"x0.0   98.21  1600 1648 1680 1760  900 902 907 930 -hsync -vsync (55.8 kHz eP)
[    41.816] (II) modeset(0): EDID vendor "SEC", prod id 12876
[    41.816] (II) modeset(0): Printing DDC gathered Modelines:
[    41.816] (II) modeset(0): Modeline "1600x900"x0.0   98.21  1600 1648 1680 1760  900 902 907 930 -hsync -vsync (55.8 kHz eP)
[    42.091] (II) modeset(0): EDID vendor "SEC", prod id 12876
[    42.091] (II) modeset(0): Printing DDC gathered Modelines:
[    42.091] (II) modeset(0): Modeline "1600x900"x0.0   98.21  1600 1648 1680 1760  900 902 907 930 -hsync -vsync (55.8 kHz eP)
[    42.282] (II) modeset(0): EDID vendor "SEC", prod id 12876
[    42.282] (II) modeset(0): Printing DDC gathered Modelines:
[    42.282] (II) modeset(0): Modeline "1600x900"x0.0   98.21  1600 1648 1680 1760  900 902 907 930 -hsync -vsync (55.8 kHz eP)
[   301.360] (II) Axis 0x1 value 1214 is outside expected range [1253, 4652]
See https://wayland.freedesktop.org/libinput/doc/1.19.1/absolute_coordinate_ranges.html for details
[   568.463] (II) modeset(0): EDID vendor "SEC", prod id 12876
[   568.463] (II) modeset(0): Printing DDC gathered Modelines:
[   568.463] (II) modeset(0): Modeline "1600x900"x0.0   98.21  1600 1648 1680 1760  900 902 907 930 -hsync -vsync (55.8 kHz eP)
[  3475.581] (II) Axis 0x1 value 1214 is outside expected range [1253, 4652]
See https://wayland.freedesktop.org/libinput/doc/1.19.1/absolute_coordinate_ranges.html for details
